<?xml version="1.0" encoding="UTF-8"?>
<coverage generated="1464011706958" clover="3.2.0">
	<project timestamp="1464011706958"  name="All Files" >
		<metrics statements="131"  coveredstatements="131"  conditionals="107"  coveredconditionals="64"  methods="59"  coveredmethods="58"  elements="297"  coveredelements="253"  complexity="0"  packages="9"  files="13"  classes="13"  loc="314"  ncloc="314" />
		<package name="actions" >
			<metrics statements="3"  coveredstatements="3"  conditionals="0"  coveredconditionals="0"  methods="1"  coveredmethods="1" />
			<file name="titles.js"  path="/home/xuqing.kxq/Documents/Projects/react-redux-boilerplate/src/actions/titles.js" >
				<metrics statements="3"  coveredstatements="3"  conditionals="0"  coveredconditionals="0"  methods="1"  coveredmethods="1" />
				<line num="1"  count="3"  type="stmt" />
				<line num="3"  count="3"  type="stmt" />
				<line num="4"  count="5"  type="stmt" />
			</file>
		</package>
		<package name="actions.__tests__" >
			<metrics statements="8"  coveredstatements="8"  conditionals="8"  coveredconditionals="3"  methods="4"  coveredmethods="4" />
			<file name="titles-test.js"  path="/home/xuqing.kxq/Documents/Projects/react-redux-boilerplate/src/actions/__tests__/titles-test.js" >
				<metrics statements="8"  coveredstatements="8"  conditionals="8"  coveredconditionals="3"  methods="4"  coveredmethods="4" />
				<line num="6"  count="2"  type="cond"  truecount="3"  falsecount="5" />
				<line num="8"  count="1"  type="stmt" />
				<line num="9"  count="1"  type="stmt" />
				<line num="10"  count="1"  type="stmt" />
				<line num="11"  count="4"  type="stmt" />
				<line num="20"  count="1"  type="stmt" />
				<line num="21"  count="1"  type="stmt" />
				<line num="22"  count="1"  type="stmt" />
			</file>
		</package>
		<package name="components" >
			<metrics statements="7"  coveredstatements="7"  conditionals="8"  coveredconditionals="6"  methods="4"  coveredmethods="4" />
			<file name="layout.js"  path="/home/xuqing.kxq/Documents/Projects/react-redux-boilerplate/src/components/layout.js" >
				<metrics statements="5"  coveredstatements="5"  conditionals="4"  coveredconditionals="3"  methods="2"  coveredmethods="2" />
				<line num="1"  count="1"  type="cond"  truecount="3"  falsecount="1" />
				<line num="3"  count="1"  type="stmt" />
				<line num="27"  count="1"  type="stmt" />
				<line num="32"  count="1"  type="stmt" />
				<line num="33"  count="1"  type="stmt" />
			</file>
			<file name="not-found.js"  path="/home/xuqing.kxq/Documents/Projects/react-redux-boilerplate/src/components/not-found.js" >
				<metrics statements="2"  coveredstatements="2"  conditionals="4"  coveredconditionals="3"  methods="2"  coveredmethods="2" />
				<line num="1"  count="1"  type="cond"  truecount="3"  falsecount="1" />
				<line num="4"  count="1"  type="stmt" />
			</file>
		</package>
		<package name="components.__tests__" >
			<metrics statements="29"  coveredstatements="29"  conditionals="22"  coveredconditionals="9"  methods="13"  coveredmethods="12" />
			<file name="layout-test.js"  path="/home/xuqing.kxq/Documents/Projects/react-redux-boilerplate/src/components/__tests__/layout-test.js" >
				<metrics statements="16"  coveredstatements="16"  conditionals="18"  coveredconditionals="5"  methods="8"  coveredmethods="7" />
				<line num="5"  count="3"  type="cond"  truecount="5"  falsecount="13" />
				<line num="7"  count="1"  type="stmt" />
				<line num="8"  count="1"  type="stmt" />
				<line num="10"  count="1"  type="stmt" />
				<line num="11"  count="1"  type="stmt" />
				<line num="12"  count="1"  type="stmt" />
				<line num="14"  count="1"  type="stmt" />
				<line num="21"  count="1"  type="stmt" />
				<line num="22"  count="1"  type="stmt" />
				<line num="23"  count="1"  type="stmt" />
				<line num="24"  count="1"  type="stmt" />
				<line num="26"  count="1"  type="stmt" />
				<line num="28"  count="1"  type="stmt" />
				<line num="29"  count="1"  type="stmt" />
				<line num="30"  count="1"  type="stmt" />
				<line num="31"  count="1"  type="stmt" />
			</file>
			<file name="not-found-test.js"  path="/home/xuqing.kxq/Documents/Projects/react-redux-boilerplate/src/components/__tests__/not-found-test.js" >
				<metrics statements="13"  coveredstatements="13"  conditionals="4"  coveredconditionals="4"  methods="5"  coveredmethods="5" />
				<line num="5"  count="3"  type="cond"  truecount="4"  falsecount="0" />
				<line num="7"  count="1"  type="stmt" />
				<line num="8"  count="1"  type="stmt" />
				<line num="10"  count="1"  type="stmt" />
				<line num="11"  count="1"  type="stmt" />
				<line num="12"  count="1"  type="stmt" />
				<line num="14"  count="1"  type="stmt" />
				<line num="21"  count="1"  type="stmt" />
				<line num="22"  count="1"  type="stmt" />
				<line num="23"  count="1"  type="stmt" />
				<line num="24"  count="1"  type="stmt" />
				<line num="26"  count="1"  type="stmt" />
				<line num="27"  count="1"  type="stmt" />
			</file>
		</package>
		<package name="components.home" >
			<metrics statements="20"  coveredstatements="20"  conditionals="35"  coveredconditionals="22"  methods="17"  coveredmethods="17" />
			<file name="layout.js"  path="/home/xuqing.kxq/Documents/Projects/react-redux-boilerplate/src/components/home/layout.js" >
				<metrics statements="3"  coveredstatements="3"  conditionals="4"  coveredconditionals="4"  methods="2"  coveredmethods="2" />
				<line num="1"  count="1"  type="stmt" />
				<line num="2"  count="2"  type="cond"  truecount="4"  falsecount="0" />
				<line num="5"  count="1"  type="stmt" />
			</file>
			<file name="welcome.js"  path="/home/xuqing.kxq/Documents/Projects/react-redux-boilerplate/src/components/home/welcome.js" >
				<metrics statements="17"  coveredstatements="17"  conditionals="31"  coveredconditionals="18"  methods="15"  coveredmethods="15" />
				<line num="1"  count="6"  type="cond"  truecount="5"  falsecount="3" />
				<line num="2"  count="2"  type="stmt" />
				<line num="3"  count="4"  type="cond"  truecount="13"  falsecount="10" />
				<line num="7"  count="4"  type="stmt" />
				<line num="9"  count="1"  type="stmt" />
				<line num="10"  count="1"  type="stmt" />
				<line num="11"  count="1"  type="stmt" />
				<line num="12"  count="1"  type="stmt" />
				<line num="17"  count="1"  type="stmt" />
				<line num="20"  count="4"  type="stmt" />
				<line num="21"  count="4"  type="stmt" />
				<line num="23"  count="4"  type="stmt" />
				<line num="28"  count="2"  type="stmt" />
				<line num="33"  count="2"  type="stmt" />
				<line num="34"  count="1"  type="stmt" />
				<line num="40"  count="2"  type="stmt" />
				<line num="43"  count="2"  type="stmt" />
			</file>
		</package>
		<package name="components.home.__tests__" >
			<metrics statements="40"  coveredstatements="40"  conditionals="8"  coveredconditionals="7"  methods="12"  coveredmethods="12" />
			<file name="layout-test.js"  path="/home/xuqing.kxq/Documents/Projects/react-redux-boilerplate/src/components/home/__tests__/layout-test.js" >
				<metrics statements="15"  coveredstatements="15"  conditionals="4"  coveredconditionals="4"  methods="5"  coveredmethods="5" />
				<line num="6"  count="1"  type="stmt" />
				<line num="7"  count="3"  type="cond"  truecount="4"  falsecount="0" />
				<line num="9"  count="1"  type="stmt" />
				<line num="10"  count="1"  type="stmt" />
				<line num="12"  count="1"  type="stmt" />
				<line num="13"  count="1"  type="stmt" />
				<line num="14"  count="1"  type="stmt" />
				<line num="16"  count="1"  type="stmt" />
				<line num="23"  count="1"  type="stmt" />
				<line num="24"  count="1"  type="stmt" />
				<line num="25"  count="1"  type="stmt" />
				<line num="26"  count="1"  type="stmt" />
				<line num="28"  count="1"  type="stmt" />
				<line num="30"  count="1"  type="stmt" />
				<line num="31"  count="1"  type="stmt" />
			</file>
			<file name="welcome-test.js"  path="/home/xuqing.kxq/Documents/Projects/react-redux-boilerplate/src/components/home/__tests__/welcome-test.js" >
				<metrics statements="25"  coveredstatements="25"  conditionals="4"  coveredconditionals="3"  methods="7"  coveredmethods="7" />
				<line num="7"  count="3"  type="cond"  truecount="3"  falsecount="1" />
				<line num="9"  count="1"  type="stmt" />
				<line num="10"  count="3"  type="stmt" />
				<line num="14"  count="3"  type="stmt" />
				<line num="15"  count="3"  type="stmt" />
				<line num="16"  count="3"  type="stmt" />
				<line num="17"  count="3"  type="stmt" />
				<line num="19"  count="3"  type="stmt" />
				<line num="26"  count="1"  type="stmt" />
				<line num="27"  count="1"  type="stmt" />
				<line num="28"  count="1"  type="stmt" />
				<line num="29"  count="1"  type="stmt" />
				<line num="30"  count="1"  type="stmt" />
				<line num="32"  count="1"  type="stmt" />
				<line num="33"  count="1"  type="stmt" />
				<line num="34"  count="1"  type="stmt" />
				<line num="35"  count="1"  type="stmt" />
				<line num="36"  count="1"  type="stmt" />
				<line num="37"  count="1"  type="stmt" />
				<line num="38"  count="1"  type="stmt" />
				<line num="40"  count="1"  type="stmt" />
				<line num="42"  count="1"  type="stmt" />
				<line num="44"  count="1"  type="stmt" />
				<line num="46"  count="1"  type="stmt" />
				<line num="51"  count="1"  type="stmt" />
			</file>
		</package>
		<package name="constants" >
			<metrics statements="3"  coveredstatements="3"  conditionals="4"  coveredconditionals="3"  methods="1"  coveredmethods="1" />
			<file name="titles.js"  path="/home/xuqing.kxq/Documents/Projects/react-redux-boilerplate/src/constants/titles.js" >
				<metrics statements="3"  coveredstatements="3"  conditionals="4"  coveredconditionals="3"  methods="1"  coveredmethods="1" />
				<line num="1"  count="4"  type="cond"  truecount="3"  falsecount="1" />
				<line num="3"  count="4"  type="stmt" />
				<line num="9"  count="4"  type="stmt" />
			</file>
		</package>
		<package name="reducers" >
			<metrics statements="10"  coveredstatements="10"  conditionals="10"  coveredconditionals="8"  methods="1"  coveredmethods="1" />
			<file name="titles.js"  path="/home/xuqing.kxq/Documents/Projects/react-redux-boilerplate/src/reducers/titles.js" >
				<metrics statements="10"  coveredstatements="10"  conditionals="10"  coveredconditionals="8"  methods="1"  coveredmethods="1" />
				<line num="1"  count="1"  type="stmt" />
				<line num="7"  count="5"  type="cond"  truecount="3"  falsecount="1" />
				<line num="8"  count="5"  type="cond"  truecount="2"  falsecount="0" />
				<line num="9"  count="4"  type="stmt" />
				<line num="10"  count="4"  type="cond"  truecount="1"  falsecount="1" />
				<line num="11"  count="4"  type="stmt" />
				<line num="13"  count="4"  type="cond"  truecount="2"  falsecount="0" />
				<line num="14"  count="1"  type="stmt" />
				<line num="16"  count="4"  type="stmt" />
				<line num="18"  count="1"  type="stmt" />
			</file>
		</package>
		<package name="reducers.__tests__" >
			<metrics statements="11"  coveredstatements="11"  conditionals="12"  coveredconditionals="6"  methods="6"  coveredmethods="6" />
			<file name="titles-test.js"  path="/home/xuqing.kxq/Documents/Projects/react-redux-boilerplate/src/reducers/__tests__/titles-test.js" >
				<metrics statements="11"  coveredstatements="11"  conditionals="12"  coveredconditionals="6"  methods="6"  coveredmethods="6" />
				<line num="6"  count="1"  type="cond"  truecount="6"  falsecount="6" />
				<line num="8"  count="1"  type="stmt" />
				<line num="9"  count="1"  type="stmt" />
				<line num="10"  count="1"  type="stmt" />
				<line num="17"  count="1"  type="stmt" />
				<line num="18"  count="1"  type="stmt" />
				<line num="19"  count="3"  type="stmt" />
				<line num="23"  count="3"  type="stmt" />
				<line num="31"  count="1"  type="stmt" />
				<line num="32"  count="1"  type="stmt" />
				<line num="36"  count="1"  type="stmt" />
			</file>
		</package>
	</project>
</coverage>
