{
"/home/xuqing.kxq/Documents/Projects/react-redux-boilerplate/src/reducers/__tests__/titles-test.js":{"path":"/home/xuqing.kxq/Documents/Projects/react-redux-boilerplate/src/reducers/__tests__/titles-test.js","s":{"1":1,"2":1,"3":1,"4":1,"5":1,"6":1,"7":1,"8":1,"9":0,"10":0,"11":0,"12":0,"13":0,"14":0,"15":0,"16":1,"17":1,"18":1,"19":1,"20":1,"21":1,"22":1,"23":3,"24":3,"25":1,"26":1,"27":1},"b":{"1":[1,0],"2":[1,1],"3":[0,0],"4":[0,0],"5":[1,0],"6":[1,1]},"f":{"1":1,"2":1,"3":1,"4":1,"5":1,"6":1},"fnMap":{"1":{"name":"_interopRequireWildcard","line":6,"loc":{"start":{"line":6,"column":360},"end":{"line":6,"column":398}}},"2":{"name":"_interopRequireDefault","line":6,"loc":{"start":{"line":6,"column":616},"end":{"line":6,"column":653}}},"3":{"name":"(anonymous_3)","line":8,"loc":{"start":{"line":8,"column":27},"end":{"line":8,"column":39}}},"4":{"name":"(anonymous_4)","line":9,"loc":{"start":{"line":9,"column":40},"end":{"line":9,"column":52}}},"5":{"name":"(anonymous_5)","line":17,"loc":{"start":{"line":17,"column":41},"end":{"line":17,"column":53}}},"6":{"name":"(anonymous_6)","line":31,"loc":{"start":{"line":31,"column":72},"end":{"line":31,"column":84}}}},"statementMap":{"1":{"start":{"line":6,"column":0},"end":{"line":6,"column":23},"skip":true},"2":{"start":{"line":6,"column":46},"end":{"line":6,"column":107}},"3":{"start":{"line":6,"column":134},"end":{"line":6,"column":181}},"4":{"start":{"line":6,"column":181},"end":{"line":6,"column":256}},"5":{"start":{"line":6,"column":283},"end":{"line":6,"column":333}},"6":{"start":{"line":6,"column":360},"end":{"line":6,"column":616}},"7":{"start":{"line":6,"column":399},"end":{"line":6,"column":615}},"8":{"start":{"line":6,"column":427},"end":{"line":6,"column":438}},"9":{"start":{"line":6,"column":446},"end":{"line":6,"column":462}},"10":{"start":{"line":6,"column":462},"end":{"line":6,"column":579}},"11":{"start":{"line":6,"column":480},"end":{"line":6,"column":578}},"12":{"start":{"line":6,"column":502},"end":{"line":6,"column":577}},"13":{"start":{"line":6,"column":554},"end":{"line":6,"column":577}},"14":{"start":{"line":6,"column":579},"end":{"line":6,"column":600}},"15":{"start":{"line":6,"column":600},"end":{"line":6,"column":614}},"16":{"start":{"line":6,"column":616},"end":{"line":6,"column":709}},"17":{"start":{"line":6,"column":654},"end":{"line":6,"column":708}},"18":{"start":{"line":8,"column":0},"end":{"line":39,"column":46}},"19":{"start":{"line":9,"column":2},"end":{"line":13,"column":43}},"20":{"start":{"line":10,"column":4},"end":{"line":13,"column":40}},"21":{"start":{"line":17,"column":2},"end":{"line":26,"column":50}},"22":{"start":{"line":18,"column":4},"end":{"line":26,"column":47}},"23":{"start":{"line":19,"column":6},"end":{"line":21,"column":41}},"24":{"start":{"line":23,"column":6},"end":{"line":26,"column":46}},"25":{"start":{"line":31,"column":2},"end":{"line":39,"column":43}},"26":{"start":{"line":32,"column":4},"end":{"line":34,"column":63}},"27":{"start":{"line":36,"column":4},"end":{"line":39,"column":40}}},"branchMap":{"1":{"line":6,"type":"if","locations":[{"start":{"line":6,"column":399},"end":{"line":6,"column":399}},{"start":{"line":6,"column":399},"end":{"line":6,"column":399}}]},"2":{"line":6,"type":"binary-expr","locations":[{"start":{"line":6,"column":403},"end":{"line":6,"column":406}},{"start":{"line":6,"column":410},"end":{"line":6,"column":424}}]},"3":{"line":6,"type":"if","locations":[{"start":{"line":6,"column":462},"end":{"line":6,"column":462}},{"start":{"line":6,"column":462},"end":{"line":6,"column":462}}]},"4":{"line":6,"type":"if","locations":[{"start":{"line":6,"column":502},"end":{"line":6,"column":502}},{"start":{"line":6,"column":502},"end":{"line":6,"column":502}}]},"5":{"line":6,"type":"cond-expr","locations":[{"start":{"line":6,"column":685},"end":{"line":6,"column":688}},{"start":{"line":6,"column":691},"end":{"line":6,"column":707}}]},"6":{"line":6,"type":"binary-expr","locations":[{"start":{"line":6,"column":661},"end":{"line":6,"column":664}},{"start":{"line":6,"column":668},"end":{"line":6,"column":682}}]}},"l":{"6":1,"8":1,"9":1,"10":1,"17":1,"18":1,"19":3,"23":3,"31":1,"32":1,"36":1}},
"/home/xuqing.kxq/Documents/Projects/react-redux-boilerplate/src/reducers/titles.js":{"path":"/home/xuqing.kxq/Documents/Projects/react-redux-boilerplate/src/reducers/titles.js","s":{"1":1,"2":1,"3":1,"4":1,"5":1,"6":5,"7":5,"8":5,"9":4,"10":4,"11":4,"12":4,"13":1,"14":4,"15":1},"b":{"1":[5,0],"2":[5,5],"3":[4,1],"4":[4,0],"5":[1,3]},"f":{"1":5},"fnMap":{"1":{"name":"getNextTitle","line":7,"loc":{"start":{"line":7,"column":162},"end":{"line":7,"column":186}}}},"statementMap":{"1":{"start":{"line":1,"column":39},"end":{"line":1,"column":101},"skip":true},"2":{"start":{"line":1,"column":101},"end":{"line":7,"column":13}},"3":{"start":{"line":7,"column":13},"end":{"line":7,"column":84}},"4":{"start":{"line":7,"column":84},"end":{"line":7,"column":162}},"5":{"start":{"line":7,"column":162},"end":{"line":18,"column":16}},"6":{"start":{"line":7,"column":213},"end":{"line":7,"column":307}},"7":{"start":{"line":7,"column":334},"end":{"line":7,"column":360}},"8":{"start":{"line":8,"column":2},"end":{"line":16,"column":79}},"9":{"start":{"line":9,"column":4},"end":{"line":9,"column":22}},"10":{"start":{"line":10,"column":4},"end":{"line":11,"column":86}},"11":{"start":{"line":11,"column":6},"end":{"line":11,"column":85}},"12":{"start":{"line":13,"column":4},"end":{"line":14,"column":21}},"13":{"start":{"line":14,"column":6},"end":{"line":14,"column":20}},"14":{"start":{"line":16,"column":4},"end":{"line":16,"column":78}},"15":{"start":{"line":18,"column":2},"end":{"line":18,"column":15}}},"branchMap":{"1":{"line":7,"type":"cond-expr","locations":[{"start":{"line":7,"column":279},"end":{"line":7,"column":291}},{"start":{"line":7,"column":294},"end":{"line":7,"column":306}}]},"2":{"line":7,"type":"binary-expr","locations":[{"start":{"line":7,"column":225},"end":{"line":7,"column":246}},{"start":{"line":7,"column":250},"end":{"line":7,"column":276}}]},"3":{"line":8,"type":"if","locations":[{"start":{"line":8,"column":2},"end":{"line":8,"column":2}},{"start":{"line":8,"column":2},"end":{"line":8,"column":2}}]},"4":{"line":10,"type":"if","locations":[{"start":{"line":10,"column":4},"end":{"line":10,"column":4}},{"start":{"line":10,"column":4},"end":{"line":10,"column":4}}]},"5":{"line":13,"type":"if","locations":[{"start":{"line":13,"column":4},"end":{"line":13,"column":4}},{"start":{"line":13,"column":4},"end":{"line":13,"column":4}}]}},"l":{"1":1,"7":5,"8":5,"9":4,"10":4,"11":4,"13":4,"14":1,"16":4,"18":1}},
"/home/xuqing.kxq/Documents/Projects/react-redux-boilerplate/src/constants/titles.js":{"path":"/home/xuqing.kxq/Documents/Projects/react-redux-boilerplate/src/constants/titles.js","s":{"1":4,"2":4,"3":4,"4":4,"5":4,"6":4,"7":4,"8":4},"b":{"1":[0,4],"2":[4,4]},"f":{"1":4},"fnMap":{"1":{"name":"_interopRequireDefault","line":1,"loc":{"start":{"line":1,"column":297},"end":{"line":1,"column":334}}}},"statementMap":{"1":{"start":{"line":1,"column":39},"end":{"line":1,"column":101},"skip":true},"2":{"start":{"line":1,"column":101},"end":{"line":1,"column":153}},"3":{"start":{"line":1,"column":153},"end":{"line":1,"column":217}},"4":{"start":{"line":1,"column":244},"end":{"line":1,"column":297}},"5":{"start":{"line":1,"column":297},"end":{"line":1,"column":390}},"6":{"start":{"line":1,"column":335},"end":{"line":1,"column":389}},"7":{"start":{"line":3,"column":0},"end":{"line":7,"column":15}},"8":{"start":{"line":9,"column":0},"end":{"line":9,"column":89}}},"branchMap":{"1":{"line":1,"type":"cond-expr","locations":[{"start":{"line":1,"column":366},"end":{"line":1,"column":369}},{"start":{"line":1,"column":372},"end":{"line":1,"column":388}}]},"2":{"line":1,"type":"binary-expr","locations":[{"start":{"line":1,"column":342},"end":{"line":1,"column":345}},{"start":{"line":1,"column":349},"end":{"line":1,"column":363}}]}},"l":{"1":4,"3":4,"9":4}},
"/home/xuqing.kxq/Documents/Projects/react-redux-boilerplate/src/actions/__tests__/titles-test.js":{"path":"/home/xuqing.kxq/Documents/Projects/react-redux-boilerplate/src/actions/__tests__/titles-test.js","s":{"1":1,"2":1,"3":1,"4":1,"5":1,"6":1,"7":2,"8":2,"9":0,"10":0,"11":0,"12":0,"13":0,"14":0,"15":0,"16":1,"17":1,"18":1,"19":4,"20":1,"21":1,"22":1},"b":{"1":[2,0],"2":[2,2],"3":[0,0],"4":[0,0]},"f":{"1":2,"2":1,"3":1,"4":1},"fnMap":{"1":{"name":"_interopRequireWildcard","line":6,"loc":{"start":{"line":6,"column":360},"end":{"line":6,"column":398}}},"2":{"name":"(anonymous_2)","line":8,"loc":{"start":{"line":8,"column":27},"end":{"line":8,"column":39}}},"3":{"name":"(anonymous_3)","line":9,"loc":{"start":{"line":9,"column":54},"end":{"line":9,"column":66}}},"4":{"name":"(anonymous_4)","line":20,"loc":{"start":{"line":20,"column":35},"end":{"line":20,"column":47}}}},"statementMap":{"1":{"start":{"line":6,"column":0},"end":{"line":6,"column":23},"skip":true},"2":{"start":{"line":6,"column":46},"end":{"line":6,"column":107}},"3":{"start":{"line":6,"column":134},"end":{"line":6,"column":181}},"4":{"start":{"line":6,"column":181},"end":{"line":6,"column":256}},"5":{"start":{"line":6,"column":283},"end":{"line":6,"column":333}},"6":{"start":{"line":6,"column":360},"end":{"line":6,"column":616}},"7":{"start":{"line":6,"column":399},"end":{"line":6,"column":615}},"8":{"start":{"line":6,"column":427},"end":{"line":6,"column":438}},"9":{"start":{"line":6,"column":446},"end":{"line":6,"column":462}},"10":{"start":{"line":6,"column":462},"end":{"line":6,"column":579}},"11":{"start":{"line":6,"column":480},"end":{"line":6,"column":578}},"12":{"start":{"line":6,"column":502},"end":{"line":6,"column":577}},"13":{"start":{"line":6,"column":554},"end":{"line":6,"column":577}},"14":{"start":{"line":6,"column":579},"end":{"line":6,"column":600}},"15":{"start":{"line":6,"column":600},"end":{"line":6,"column":614}},"16":{"start":{"line":8,"column":0},"end":{"line":26,"column":28}},"17":{"start":{"line":9,"column":2},"end":{"line":15,"column":46}},"18":{"start":{"line":10,"column":4},"end":{"line":15,"column":43}},"19":{"start":{"line":11,"column":6},"end":{"line":15,"column":42}},"20":{"start":{"line":20,"column":2},"end":{"line":26,"column":25}},"21":{"start":{"line":21,"column":4},"end":{"line":21,"column":34}},"22":{"start":{"line":22,"column":4},"end":{"line":26,"column":22}}},"branchMap":{"1":{"line":6,"type":"if","locations":[{"start":{"line":6,"column":399},"end":{"line":6,"column":399}},{"start":{"line":6,"column":399},"end":{"line":6,"column":399}}]},"2":{"line":6,"type":"binary-expr","locations":[{"start":{"line":6,"column":403},"end":{"line":6,"column":406}},{"start":{"line":6,"column":410},"end":{"line":6,"column":424}}]},"3":{"line":6,"type":"if","locations":[{"start":{"line":6,"column":462},"end":{"line":6,"column":462}},{"start":{"line":6,"column":462},"end":{"line":6,"column":462}}]},"4":{"line":6,"type":"if","locations":[{"start":{"line":6,"column":502},"end":{"line":6,"column":502}},{"start":{"line":6,"column":502},"end":{"line":6,"column":502}}]}},"l":{"6":2,"8":1,"9":1,"10":1,"11":4,"20":1,"21":1,"22":1}},
"/home/xuqing.kxq/Documents/Projects/react-redux-boilerplate/src/actions/titles.js":{"path":"/home/xuqing.kxq/Documents/Projects/react-redux-boilerplate/src/actions/titles.js","s":{"1":3,"2":3,"3":3,"4":3,"5":5},"b":{},"f":{"1":5},"fnMap":{"1":{"name":"getNextTitle","line":3,"loc":{"start":{"line":3,"column":99},"end":{"line":3,"column":128}}}},"statementMap":{"1":{"start":{"line":1,"column":39},"end":{"line":1,"column":101},"skip":true},"2":{"start":{"line":1,"column":101},"end":{"line":3,"column":28}},"3":{"start":{"line":3,"column":28},"end":{"line":3,"column":99}},"4":{"start":{"line":3,"column":99},"end":{"line":6,"column":20}},"5":{"start":{"line":4,"column":2},"end":{"line":6,"column":19}}},"branchMap":{},"l":{"1":3,"3":3,"4":5}},
"/home/xuqing.kxq/Documents/Projects/react-redux-boilerplate/src/components/home/__tests__/layout-test.js":{"path":"/home/xuqing.kxq/Documents/Projects/react-redux-boilerplate/src/components/home/__tests__/layout-test.js","s":{"1":1,"2":1,"3":1,"4":1,"5":1,"6":1,"7":1,"8":1,"9":1,"10":1,"11":3,"12":1,"13":1,"14":1,"15":1,"16":1,"17":1,"18":1,"19":1,"20":1,"21":1,"22":1,"23":1,"24":1,"25":1},"b":{"1":[1,2],"2":[3,3]},"f":{"1":3,"2":1,"3":1,"4":1,"5":1},"fnMap":{"1":{"name":"_interopRequireDefault","line":7,"loc":{"start":{"line":7,"column":570},"end":{"line":7,"column":607}}},"2":{"name":"setup","line":9,"loc":{"start":{"line":9,"column":0},"end":{"line":9,"column":17}}},"3":{"name":"(anonymous_3)","line":23,"loc":{"start":{"line":23,"column":23},"end":{"line":23,"column":35}}},"4":{"name":"(anonymous_4)","line":24,"loc":{"start":{"line":24,"column":21},"end":{"line":24,"column":33}}},"5":{"name":"(anonymous_5)","line":25,"loc":{"start":{"line":25,"column":34},"end":{"line":25,"column":46}}}},"statementMap":{"1":{"start":{"line":6,"column":0},"end":{"line":6,"column":25},"skip":true},"2":{"start":{"line":7,"column":0},"end":{"line":7,"column":26}},"3":{"start":{"line":7,"column":26},"end":{"line":7,"column":82}},"4":{"start":{"line":7,"column":109},"end":{"line":7,"column":154}},"5":{"start":{"line":7,"column":154},"end":{"line":7,"column":243}},"6":{"start":{"line":7,"column":270},"end":{"line":7,"column":345}},"7":{"start":{"line":7,"column":345},"end":{"line":7,"column":406}},"8":{"start":{"line":7,"column":433},"end":{"line":7,"column":480}},"9":{"start":{"line":7,"column":480},"end":{"line":7,"column":543}},"10":{"start":{"line":7,"column":570},"end":{"line":7,"column":663}},"11":{"start":{"line":7,"column":608},"end":{"line":7,"column":662}},"12":{"start":{"line":9,"column":0},"end":{"line":19,"column":26}},"13":{"start":{"line":10,"column":2},"end":{"line":10,"column":17}},"14":{"start":{"line":12,"column":2},"end":{"line":12,"column":91}},"15":{"start":{"line":13,"column":2},"end":{"line":13,"column":128}},"16":{"start":{"line":14,"column":2},"end":{"line":14,"column":42}},"17":{"start":{"line":16,"column":2},"end":{"line":19,"column":25}},"18":{"start":{"line":23,"column":0},"end":{"line":31,"column":77}},"19":{"start":{"line":24,"column":2},"end":{"line":31,"column":74}},"20":{"start":{"line":25,"column":4},"end":{"line":31,"column":71}},"21":{"start":{"line":25,"column":73},"end":{"line":26,"column":14}},"22":{"start":{"line":26,"column":41},"end":{"line":26,"column":68}},"23":{"start":{"line":28,"column":6},"end":{"line":28,"column":38}},"24":{"start":{"line":30,"column":6},"end":{"line":30,"column":43}},"25":{"start":{"line":31,"column":6},"end":{"line":31,"column":68}}},"branchMap":{"1":{"line":7,"type":"cond-expr","locations":[{"start":{"line":7,"column":639},"end":{"line":7,"column":642}},{"start":{"line":7,"column":645},"end":{"line":7,"column":661}}]},"2":{"line":7,"type":"binary-expr","locations":[{"start":{"line":7,"column":615},"end":{"line":7,"column":618}},{"start":{"line":7,"column":622},"end":{"line":7,"column":636}}]}},"l":{"6":1,"7":3,"9":1,"10":1,"12":1,"13":1,"14":1,"16":1,"23":1,"24":1,"25":1,"26":1,"28":1,"30":1,"31":1}},
"/home/xuqing.kxq/Documents/Projects/react-redux-boilerplate/src/components/home/layout.js":{"path":"/home/xuqing.kxq/Documents/Projects/react-redux-boilerplate/src/components/home/layout.js","s":{"1":1,"2":1,"3":1,"4":1,"5":1,"6":1,"7":2,"8":1,"9":1},"b":{"1":[1,1],"2":[2,2]},"f":{"1":2,"2":1},"fnMap":{"1":{"name":"_interopRequireDefault","line":2,"loc":{"start":{"line":2,"column":138},"end":{"line":2,"column":175}}},"2":{"name":"(anonymous_2)","line":4,"loc":{"start":{"line":4,"column":0},"end":{"line":4,"column":12}}}},"statementMap":{"1":{"start":{"line":1,"column":39},"end":{"line":1,"column":101},"skip":true},"2":{"start":{"line":1,"column":101},"end":{"line":1,"column":157}},"3":{"start":{"line":1,"column":184},"end":{"line":1,"column":229}},"4":{"start":{"line":2,"column":0},"end":{"line":2,"column":62}},"5":{"start":{"line":2,"column":89},"end":{"line":2,"column":138}},"6":{"start":{"line":2,"column":138},"end":{"line":2,"column":231}},"7":{"start":{"line":2,"column":176},"end":{"line":2,"column":230}},"8":{"start":{"line":2,"column":231},"end":{"line":20,"column":269}},"9":{"start":{"line":5,"column":2},"end":{"line":20,"column":267}}},"branchMap":{"1":{"line":2,"type":"cond-expr","locations":[{"start":{"line":2,"column":207},"end":{"line":2,"column":210}},{"start":{"line":2,"column":213},"end":{"line":2,"column":229}}]},"2":{"line":2,"type":"binary-expr","locations":[{"start":{"line":2,"column":183},"end":{"line":2,"column":186}},{"start":{"line":2,"column":190},"end":{"line":2,"column":204}}]}},"l":{"1":1,"2":2,"5":1}},
"/home/xuqing.kxq/Documents/Projects/react-redux-boilerplate/src/components/home/welcome.js":{"path":"/home/xuqing.kxq/Documents/Projects/react-redux-boilerplate/src/components/home/welcome.js","s":{"1":2,"2":2,"3":2,"4":2,"5":2,"6":6,"7":6,"8":6,"9":6,"10":6,"11":6,"12":2,"13":2,"14":2,"15":2,"16":0,"17":2,"18":2,"19":2,"20":2,"21":2,"22":2,"23":2,"24":2,"25":4,"26":0,"27":2,"28":4,"29":0,"30":4,"31":2,"32":2,"33":0,"34":2,"35":2,"36":2,"37":2,"38":2,"39":2,"40":4,"41":4,"42":2,"43":1,"44":1,"45":1,"46":1,"47":1,"48":1,"49":1,"50":4,"51":4,"52":4,"53":4,"54":1,"55":2,"56":2,"57":2,"58":1,"59":2,"60":2},"b":{"1":[6,6],"2":[6,0],"3":[2,0],"4":[0,2],"5":[0,2],"6":[2,2],"7":[0,4],"8":[0,4],"9":[0,4],"10":[4,0,0],"11":[0,2],"12":[2,0],"13":[2,2],"14":[2,0],"15":[2,0]},"f":{"1":2,"2":2,"3":2,"4":2,"5":4,"6":4,"7":2,"8":2,"9":4,"10":1,"11":1,"12":1,"13":4,"14":1,"15":1},"fnMap":{"1":{"name":"(anonymous_1)","line":1,"loc":{"start":{"line":1,"column":174},"end":{"line":1,"column":186}}},"2":{"name":"defineProperties","line":1,"loc":{"start":{"line":1,"column":187},"end":{"line":1,"column":228}}},"3":{"name":"(anonymous_3)","line":1,"loc":{"start":{"line":1,"column":502},"end":{"line":1,"column":550}}},"4":{"name":"_interopRequireDefault","line":3,"loc":{"start":{"line":3,"column":99},"end":{"line":3,"column":136}}},"5":{"name":"_classCallCheck","line":3,"loc":{"start":{"line":3,"column":192},"end":{"line":3,"column":240}}},"6":{"name":"_possibleConstructorReturn","line":3,"loc":{"start":{"line":3,"column":341},"end":{"line":3,"column":389}}},"7":{"name":"_inherits","line":3,"loc":{"start":{"line":3,"column":576},"end":{"line":3,"column":617}}},"8":{"name":"(anonymous_8)","line":7,"loc":{"start":{"line":7,"column":32},"end":{"line":7,"column":54}}},"9":{"name":"Welcome","line":7,"loc":{"start":{"line":7,"column":86},"end":{"line":7,"column":105}}},"10":{"name":"componentDidMount","line":7,"loc":{"start":{"line":7,"column":291},"end":{"line":9,"column":4}}},"11":{"name":"(anonymous_11)","line":10,"loc":{"start":{"line":10,"column":34},"end":{"line":10,"column":46}}},"12":{"name":"componentWillUnmount","line":13,"loc":{"start":{"line":13,"column":55},"end":{"line":16,"column":4}}},"13":{"name":"render","line":17,"loc":{"start":{"line":17,"column":64},"end":{"line":20,"column":4}}},"14":{"name":"onClick","line":23,"loc":{"start":{"line":23,"column":140},"end":{"line":23,"column":185}}},"15":{"name":"mapStateToProps","line":33,"loc":{"start":{"line":33,"column":74},"end":{"line":33,"column":106}}}},"statementMap":{"1":{"start":{"line":1,"column":39},"end":{"line":1,"column":101},"skip":true},"2":{"start":{"line":1,"column":101},"end":{"line":1,"column":155}},"3":{"start":{"line":1,"column":155},"end":{"line":1,"column":704}},"4":{"start":{"line":1,"column":187},"end":{"line":1,"column":495}},"5":{"start":{"line":1,"column":229},"end":{"line":1,"column":494}},"6":{"start":{"line":1,"column":269},"end":{"line":1,"column":295}},"7":{"start":{"line":1,"column":295},"end":{"line":1,"column":350}},"8":{"start":{"line":1,"column":350},"end":{"line":1,"column":381}},"9":{"start":{"line":1,"column":381},"end":{"line":1,"column":435}},"10":{"start":{"line":1,"column":408},"end":{"line":1,"column":435}},"11":{"start":{"line":1,"column":435},"end":{"line":1,"column":493}},"12":{"start":{"line":1,"column":495},"end":{"line":1,"column":700}},"13":{"start":{"line":1,"column":551},"end":{"line":1,"column":619}},"14":{"start":{"line":1,"column":567},"end":{"line":1,"column":619}},"15":{"start":{"line":1,"column":619},"end":{"line":1,"column":679}},"16":{"start":{"line":1,"column":636},"end":{"line":1,"column":679}},"17":{"start":{"line":1,"column":679},"end":{"line":1,"column":698}},"18":{"start":{"line":1,"column":704},"end":{"line":1,"column":760}},"19":{"start":{"line":1,"column":787},"end":{"line":1,"column":832}},"20":{"start":{"line":2,"column":0},"end":{"line":2,"column":67}},"21":{"start":{"line":3,"column":0},"end":{"line":3,"column":72}},"22":{"start":{"line":3,"column":99},"end":{"line":3,"column":192}},"23":{"start":{"line":3,"column":137},"end":{"line":3,"column":191}},"24":{"start":{"line":3,"column":192},"end":{"line":3,"column":341}},"25":{"start":{"line":3,"column":241},"end":{"line":3,"column":340}},"26":{"start":{"line":3,"column":282},"end":{"line":3,"column":339}},"27":{"start":{"line":3,"column":341},"end":{"line":3,"column":576}},"28":{"start":{"line":3,"column":390},"end":{"line":3,"column":489}},"29":{"start":{"line":3,"column":402},"end":{"line":3,"column":488}},"30":{"start":{"line":3,"column":489},"end":{"line":3,"column":575}},"31":{"start":{"line":3,"column":576},"end":{"line":3,"column":1064}},"32":{"start":{"line":3,"column":618},"end":{"line":3,"column":781}},"33":{"start":{"line":3,"column":680},"end":{"line":3,"column":780}},"34":{"start":{"line":3,"column":781},"end":{"line":3,"column":945}},"35":{"start":{"line":3,"column":945},"end":{"line":3,"column":1063}},"36":{"start":{"line":3,"column":961},"end":{"line":3,"column":1063}},"37":{"start":{"line":7,"column":0},"end":{"line":23,"column":339}},"38":{"start":{"line":7,"column":55},"end":{"line":7,"column":86}},"39":{"start":{"line":7,"column":86},"end":{"line":7,"column":233}},"40":{"start":{"line":7,"column":106},"end":{"line":7,"column":137}},"41":{"start":{"line":7,"column":137},"end":{"line":7,"column":232}},"42":{"start":{"line":7,"column":233},"end":{"line":23,"column":304}},"43":{"start":{"line":9,"column":31},"end":{"line":9,"column":49}},"44":{"start":{"line":10,"column":6},"end":{"line":13,"column":12}},"45":{"start":{"line":10,"column":73},"end":{"line":11,"column":47}},"46":{"start":{"line":11,"column":74},"end":{"line":11,"column":113}},"47":{"start":{"line":11,"column":140},"end":{"line":11,"column":165}},"48":{"start":{"line":12,"column":8},"end":{"line":12,"column":28}},"49":{"start":{"line":17,"column":6},"end":{"line":17,"column":35}},"50":{"start":{"line":20,"column":31},"end":{"line":21,"column":17}},"51":{"start":{"line":21,"column":44},"end":{"line":21,"column":84}},"52":{"start":{"line":21,"column":111},"end":{"line":21,"column":137}},"53":{"start":{"line":23,"column":6},"end":{"line":23,"column":298}},"54":{"start":{"line":23,"column":186},"end":{"line":23,"column":213}},"55":{"start":{"line":23,"column":304},"end":{"line":23,"column":319},"skip":true},"56":{"start":{"line":28,"column":0},"end":{"line":29,"column":77}},"57":{"start":{"line":33,"column":0},"end":{"line":35,"column":34}},"58":{"start":{"line":34,"column":2},"end":{"line":35,"column":32}},"59":{"start":{"line":40,"column":0},"end":{"line":40,"column":90}},"60":{"start":{"line":43,"column":26},"end":{"line":43,"column":141}}},"branchMap":{"1":{"line":1,"type":"binary-expr","locations":[{"start":{"line":1,"column":319},"end":{"line":1,"column":340}},{"start":{"line":1,"column":344},"end":{"line":1,"column":349}}]},"2":{"line":1,"type":"if","locations":[{"start":{"line":1,"column":381},"end":{"line":1,"column":381}},{"start":{"line":1,"column":381},"end":{"line":1,"column":381}}]},"3":{"line":1,"type":"if","locations":[{"start":{"line":1,"column":551},"end":{"line":1,"column":551}},{"start":{"line":1,"column":551},"end":{"line":1,"column":551}}]},"4":{"line":1,"type":"if","locations":[{"start":{"line":1,"column":619},"end":{"line":1,"column":619}},{"start":{"line":1,"column":619},"end":{"line":1,"column":619}}]},"5":{"line":3,"type":"cond-expr","locations":[{"start":{"line":3,"column":168},"end":{"line":3,"column":171}},{"start":{"line":3,"column":174},"end":{"line":3,"column":190}}]},"6":{"line":3,"type":"binary-expr","locations":[{"start":{"line":3,"column":144},"end":{"line":3,"column":147}},{"start":{"line":3,"column":151},"end":{"line":3,"column":165}}]},"7":{"line":3,"type":"if","locations":[{"start":{"line":3,"column":241},"end":{"line":3,"column":241}},{"start":{"line":3,"column":241},"end":{"line":3,"column":241}}]},"8":{"line":3,"type":"if","locations":[{"start":{"line":3,"column":390},"end":{"line":3,"column":390}},{"start":{"line":3,"column":390},"end":{"line":3,"column":390}}]},"9":{"line":3,"type":"cond-expr","locations":[{"start":{"line":3,"column":563},"end":{"line":3,"column":567}},{"start":{"line":3,"column":570},"end":{"line":3,"column":574}}]},"10":{"line":3,"type":"binary-expr","locations":[{"start":{"line":3,"column":496},"end":{"line":3,"column":500}},{"start":{"line":3,"column":505},"end":{"line":3,"column":529}},{"start":{"line":3,"column":533},"end":{"line":3,"column":559}}]},"11":{"line":3,"type":"if","locations":[{"start":{"line":3,"column":618},"end":{"line":3,"column":618}},{"start":{"line":3,"column":618},"end":{"line":3,"column":618}}]},"12":{"line":3,"type":"binary-expr","locations":[{"start":{"line":3,"column":622},"end":{"line":3,"column":654}},{"start":{"line":3,"column":658},"end":{"line":3,"column":677}}]},"13":{"line":3,"type":"binary-expr","locations":[{"start":{"line":3,"column":816},"end":{"line":3,"column":826}},{"start":{"line":3,"column":830},"end":{"line":3,"column":850}}]},"14":{"line":3,"type":"if","locations":[{"start":{"line":3,"column":945},"end":{"line":3,"column":945}},{"start":{"line":3,"column":945},"end":{"line":3,"column":945}}]},"15":{"line":3,"type":"cond-expr","locations":[{"start":{"line":3,"column":985},"end":{"line":3,"column":1028}},{"start":{"line":3,"column":1031},"end":{"line":3,"column":1062}}]}},"l":{"1":6,"2":2,"3":4,"7":4,"9":1,"10":1,"11":1,"12":1,"17":1,"20":4,"21":4,"23":4,"28":2,"33":2,"34":1,"40":2,"43":2}},
"/home/xuqing.kxq/Documents/Projects/react-redux-boilerplate/src/components/__tests__/layout-test.js":{"path":"/home/xuqing.kxq/Documents/Projects/react-redux-boilerplate/src/components/__tests__/layout-test.js","s":{"1":1,"2":1,"3":1,"4":0,"5":0,"6":0,"7":0,"8":0,"9":0,"10":0,"11":0,"12":0,"13":0,"14":0,"15":0,"16":0,"17":0,"18":0,"19":0,"20":0,"21":1,"22":1,"23":1,"24":0,"25":0,"26":0,"27":1,"28":1,"29":1,"30":1,"31":1,"32":1,"33":1,"34":3,"35":1,"36":1,"37":1,"38":1,"39":1,"40":1,"41":1,"42":1,"43":1,"44":1,"45":1,"46":1,"47":1,"48":1,"49":1,"50":1,"51":1,"52":1,"53":1},"b":{"1":[0,0],"2":[0,0],"3":[0,0],"4":[0,0],"5":[0,0],"6":[1,0],"7":[0,0],"8":[1,2],"9":[3,3]},"f":{"1":1,"2":0,"3":1,"4":3,"5":1,"6":1,"7":1,"8":1},"fnMap":{"1":{"name":"(anonymous_1)","line":5,"loc":{"start":{"line":5,"column":73},"end":{"line":5,"column":85}}},"2":{"name":"sliceIterator","line":5,"loc":{"start":{"line":5,"column":86},"end":{"line":5,"column":117}}},"3":{"name":"(anonymous_3)","line":5,"loc":{"start":{"line":5,"column":465},"end":{"line":5,"column":483}}},"4":{"name":"_interopRequireDefault","line":5,"loc":{"start":{"line":5,"column":1138},"end":{"line":5,"column":1175}}},"5":{"name":"setup","line":7,"loc":{"start":{"line":7,"column":0},"end":{"line":7,"column":17}}},"6":{"name":"(anonymous_6)","line":21,"loc":{"start":{"line":21,"column":23},"end":{"line":21,"column":35}}},"7":{"name":"(anonymous_7)","line":22,"loc":{"start":{"line":22,"column":21},"end":{"line":22,"column":33}}},"8":{"name":"(anonymous_8)","line":23,"loc":{"start":{"line":23,"column":34},"end":{"line":23,"column":46}}}},"statementMap":{"1":{"start":{"line":5,"column":0},"end":{"line":5,"column":25},"skip":true},"2":{"start":{"line":5,"column":52},"end":{"line":5,"column":684}},"3":{"start":{"line":5,"column":86},"end":{"line":5,"column":458}},"4":{"start":{"line":5,"column":118},"end":{"line":5,"column":132}},"5":{"start":{"line":5,"column":132},"end":{"line":5,"column":146}},"6":{"start":{"line":5,"column":146},"end":{"line":5,"column":161}},"7":{"start":{"line":5,"column":161},"end":{"line":5,"column":180}},"8":{"start":{"line":5,"column":180},"end":{"line":5,"column":445}},"9":{"start":{"line":5,"column":185},"end":{"line":5,"column":325}},"10":{"start":{"line":5,"column":270},"end":{"line":5,"column":290}},"11":{"start":{"line":5,"column":290},"end":{"line":5,"column":324}},"12":{"start":{"line":5,"column":318},"end":{"line":5,"column":324}},"13":{"start":{"line":5,"column":340},"end":{"line":5,"column":350}},"14":{"start":{"line":5,"column":350},"end":{"line":5,"column":359}},"15":{"start":{"line":5,"column":370},"end":{"line":5,"column":444}},"16":{"start":{"line":5,"column":375},"end":{"line":5,"column":415}},"17":{"start":{"line":5,"column":400},"end":{"line":5,"column":415}},"18":{"start":{"line":5,"column":426},"end":{"line":5,"column":443}},"19":{"start":{"line":5,"column":434},"end":{"line":5,"column":443}},"20":{"start":{"line":5,"column":445},"end":{"line":5,"column":457}},"21":{"start":{"line":5,"column":458},"end":{"line":5,"column":680}},"22":{"start":{"line":5,"column":484},"end":{"line":5,"column":678}},"23":{"start":{"line":5,"column":509},"end":{"line":5,"column":520}},"24":{"start":{"line":5,"column":527},"end":{"line":5,"column":678}},"25":{"start":{"line":5,"column":564},"end":{"line":5,"column":593}},"26":{"start":{"line":5,"column":601},"end":{"line":5,"column":677}},"27":{"start":{"line":5,"column":684},"end":{"line":5,"column":740}},"28":{"start":{"line":5,"column":767},"end":{"line":5,"column":812}},"29":{"start":{"line":5,"column":812},"end":{"line":5,"column":901}},"30":{"start":{"line":5,"column":928},"end":{"line":5,"column":1003}},"31":{"start":{"line":5,"column":1003},"end":{"line":5,"column":1064}},"32":{"start":{"line":5,"column":1091},"end":{"line":5,"column":1138}},"33":{"start":{"line":5,"column":1138},"end":{"line":5,"column":1231}},"34":{"start":{"line":5,"column":1176},"end":{"line":5,"column":1230}},"35":{"start":{"line":7,"column":0},"end":{"line":17,"column":26}},"36":{"start":{"line":8,"column":2},"end":{"line":8,"column":17}},"37":{"start":{"line":10,"column":2},"end":{"line":10,"column":91}},"38":{"start":{"line":11,"column":2},"end":{"line":11,"column":128}},"39":{"start":{"line":12,"column":2},"end":{"line":12,"column":42}},"40":{"start":{"line":14,"column":2},"end":{"line":17,"column":25}},"41":{"start":{"line":21,"column":0},"end":{"line":31,"column":50}},"42":{"start":{"line":22,"column":2},"end":{"line":31,"column":47}},"43":{"start":{"line":23,"column":4},"end":{"line":31,"column":44}},"44":{"start":{"line":23,"column":73},"end":{"line":24,"column":14}},"45":{"start":{"line":24,"column":41},"end":{"line":24,"column":68}},"46":{"start":{"line":26,"column":6},"end":{"line":26,"column":38}},"47":{"start":{"line":26,"column":65},"end":{"line":28,"column":32}},"48":{"start":{"line":28,"column":59},"end":{"line":28,"column":97}},"49":{"start":{"line":28,"column":124},"end":{"line":28,"column":163}},"50":{"start":{"line":28,"column":190},"end":{"line":28,"column":228}},"51":{"start":{"line":29,"column":6},"end":{"line":29,"column":41}},"52":{"start":{"line":30,"column":6},"end":{"line":30,"column":43}},"53":{"start":{"line":31,"column":6},"end":{"line":31,"column":41}}},"branchMap":{"1":{"line":5,"type":"if","locations":[{"start":{"line":5,"column":290},"end":{"line":5,"column":290}},{"start":{"line":5,"column":290},"end":{"line":5,"column":290}}]},"2":{"line":5,"type":"binary-expr","locations":[{"start":{"line":5,"column":294},"end":{"line":5,"column":295}},{"start":{"line":5,"column":299},"end":{"line":5,"column":316}}]},"3":{"line":5,"type":"if","locations":[{"start":{"line":5,"column":375},"end":{"line":5,"column":375}},{"start":{"line":5,"column":375},"end":{"line":5,"column":375}}]},"4":{"line":5,"type":"binary-expr","locations":[{"start":{"line":5,"column":379},"end":{"line":5,"column":382}},{"start":{"line":5,"column":386},"end":{"line":5,"column":398}}]},"5":{"line":5,"type":"if","locations":[{"start":{"line":5,"column":426},"end":{"line":5,"column":426}},{"start":{"line":5,"column":426},"end":{"line":5,"column":426}}]},"6":{"line":5,"type":"if","locations":[{"start":{"line":5,"column":484},"end":{"line":5,"column":484}},{"start":{"line":5,"column":484},"end":{"line":5,"column":484}}]},"7":{"line":5,"type":"if","locations":[{"start":{"line":5,"column":527},"end":{"line":5,"column":527}},{"start":{"line":5,"column":527},"end":{"line":5,"column":527}}]},"8":{"line":5,"type":"cond-expr","locations":[{"start":{"line":5,"column":1207},"end":{"line":5,"column":1210}},{"start":{"line":5,"column":1213},"end":{"line":5,"column":1229}}]},"9":{"line":5,"type":"binary-expr","locations":[{"start":{"line":5,"column":1183},"end":{"line":5,"column":1186}},{"start":{"line":5,"column":1190},"end":{"line":5,"column":1204}}]}},"l":{"5":3,"7":1,"8":1,"10":1,"11":1,"12":1,"14":1,"21":1,"22":1,"23":1,"24":1,"26":1,"28":1,"29":1,"30":1,"31":1}},
"/home/xuqing.kxq/Documents/Projects/react-redux-boilerplate/src/components/layout.js":{"path":"/home/xuqing.kxq/Documents/Projects/react-redux-boilerplate/src/components/layout.js","s":{"1":1,"2":1,"3":1,"4":1,"5":1,"6":1,"7":1,"8":1,"9":1},"b":{"1":[0,1],"2":[1,1]},"f":{"1":1,"2":1},"fnMap":{"1":{"name":"_interopRequireDefault","line":1,"loc":{"start":{"line":1,"column":229},"end":{"line":1,"column":266}}},"2":{"name":"(anonymous_2)","line":32,"loc":{"start":{"line":32,"column":0},"end":{"line":32,"column":43}}}},"statementMap":{"1":{"start":{"line":1,"column":39},"end":{"line":1,"column":101},"skip":true},"2":{"start":{"line":1,"column":101},"end":{"line":1,"column":157}},"3":{"start":{"line":1,"column":184},"end":{"line":1,"column":229}},"4":{"start":{"line":1,"column":229},"end":{"line":1,"column":322}},"5":{"start":{"line":1,"column":267},"end":{"line":1,"column":321}},"6":{"start":{"line":3,"column":0},"end":{"line":27,"column":31}},"7":{"start":{"line":27,"column":58},"end":{"line":48,"column":746}},"8":{"start":{"line":32,"column":70},"end":{"line":32,"column":99}},"9":{"start":{"line":33,"column":2},"end":{"line":48,"column":744}}},"branchMap":{"1":{"line":1,"type":"cond-expr","locations":[{"start":{"line":1,"column":298},"end":{"line":1,"column":301}},{"start":{"line":1,"column":304},"end":{"line":1,"column":320}}]},"2":{"line":1,"type":"binary-expr","locations":[{"start":{"line":1,"column":274},"end":{"line":1,"column":277}},{"start":{"line":1,"column":281},"end":{"line":1,"column":295}}]}},"l":{"1":1,"3":1,"27":1,"32":1,"33":1}},
"/home/xuqing.kxq/Documents/Projects/react-redux-boilerplate/src/components/home/__tests__/welcome-test.js":{"path":"/home/xuqing.kxq/Documents/Projects/react-redux-boilerplate/src/components/home/__tests__/welcome-test.js","s":{"1":1,"2":1,"3":1,"4":1,"5":1,"6":1,"7":1,"8":1,"9":1,"10":1,"11":3,"12":1,"13":3,"14":3,"15":3,"16":3,"17":3,"18":3,"19":1,"20":1,"21":1,"22":1,"23":1,"24":1,"25":1,"26":1,"27":1,"28":1,"29":1,"30":1,"31":1,"32":1,"33":1,"34":1,"35":1,"36":1,"37":1,"38":1},"b":{"1":[0,3],"2":[3,3]},"f":{"1":3,"2":3,"3":1,"4":1,"5":1,"6":1,"7":1},"fnMap":{"1":{"name":"_interopRequireDefault","line":7,"loc":{"start":{"line":7,"column":651},"end":{"line":7,"column":688}}},"2":{"name":"setup","line":9,"loc":{"start":{"line":9,"column":0},"end":{"line":9,"column":17}}},"3":{"name":"(anonymous_3)","line":26,"loc":{"start":{"line":26,"column":23},"end":{"line":26,"column":35}}},"4":{"name":"(anonymous_4)","line":27,"loc":{"start":{"line":27,"column":22},"end":{"line":27,"column":34}}},"5":{"name":"(anonymous_5)","line":28,"loc":{"start":{"line":28,"column":34},"end":{"line":28,"column":46}}},"6":{"name":"(anonymous_6)","line":32,"loc":{"start":{"line":32,"column":74},"end":{"line":32,"column":86}}},"7":{"name":"(anonymous_7)","line":40,"loc":{"start":{"line":40,"column":51},"end":{"line":40,"column":63}}}},"statementMap":{"1":{"start":{"line":7,"column":0},"end":{"line":7,"column":26},"skip":true},"2":{"start":{"line":7,"column":26},"end":{"line":7,"column":82}},"3":{"start":{"line":7,"column":109},"end":{"line":7,"column":154}},"4":{"start":{"line":7,"column":154},"end":{"line":7,"column":217}},"5":{"start":{"line":7,"column":244},"end":{"line":7,"column":295}},"6":{"start":{"line":7,"column":295},"end":{"line":7,"column":384}},"7":{"start":{"line":7,"column":411},"end":{"line":7,"column":486}},"8":{"start":{"line":7,"column":486},"end":{"line":7,"column":549}},"9":{"start":{"line":7,"column":549},"end":{"line":7,"column":624}},"10":{"start":{"line":7,"column":651},"end":{"line":7,"column":744}},"11":{"start":{"line":7,"column":689},"end":{"line":7,"column":743}},"12":{"start":{"line":9,"column":0},"end":{"line":22,"column":26}},"13":{"start":{"line":10,"column":2},"end":{"line":11,"column":67}},"14":{"start":{"line":14,"column":2},"end":{"line":14,"column":91}},"15":{"start":{"line":15,"column":2},"end":{"line":15,"column":128}},"16":{"start":{"line":16,"column":2},"end":{"line":16,"column":42}},"17":{"start":{"line":17,"column":2},"end":{"line":17,"column":24}},"18":{"start":{"line":19,"column":2},"end":{"line":22,"column":25}},"19":{"start":{"line":26,"column":0},"end":{"line":51,"column":137}},"20":{"start":{"line":27,"column":2},"end":{"line":51,"column":134}},"21":{"start":{"line":28,"column":4},"end":{"line":30,"column":40}},"22":{"start":{"line":28,"column":73},"end":{"line":29,"column":14}},"23":{"start":{"line":29,"column":41},"end":{"line":29,"column":68}},"24":{"start":{"line":30,"column":6},"end":{"line":30,"column":37}},"25":{"start":{"line":32,"column":4},"end":{"line":38,"column":44}},"26":{"start":{"line":32,"column":113},"end":{"line":33,"column":14}},"27":{"start":{"line":33,"column":41},"end":{"line":33,"column":67}},"28":{"start":{"line":34,"column":6},"end":{"line":34,"column":208}},"29":{"start":{"line":35,"column":6},"end":{"line":35,"column":41}},"30":{"start":{"line":36,"column":6},"end":{"line":36,"column":34}},"31":{"start":{"line":37,"column":6},"end":{"line":37,"column":39}},"32":{"start":{"line":38,"column":6},"end":{"line":38,"column":41}},"33":{"start":{"line":40,"column":4},"end":{"line":51,"column":131}},"34":{"start":{"line":42,"column":6},"end":{"line":42,"column":28},"skip":true},"35":{"start":{"line":42,"column":55},"end":{"line":42,"column":83}},"36":{"start":{"line":44,"column":6},"end":{"line":44,"column":53}},"37":{"start":{"line":46,"column":6},"end":{"line":48,"column":28}},"38":{"start":{"line":51,"column":6},"end":{"line":51,"column":128}}},"branchMap":{"1":{"line":7,"type":"cond-expr","locations":[{"start":{"line":7,"column":720},"end":{"line":7,"column":723}},{"start":{"line":7,"column":726},"end":{"line":7,"column":742}}]},"2":{"line":7,"type":"binary-expr","locations":[{"start":{"line":7,"column":696},"end":{"line":7,"column":699}},{"start":{"line":7,"column":703},"end":{"line":7,"column":717}}]}},"l":{"7":3,"9":1,"10":3,"14":3,"15":3,"16":3,"17":3,"19":3,"26":1,"27":1,"28":1,"29":1,"30":1,"32":1,"33":1,"34":1,"35":1,"36":1,"37":1,"38":1,"40":1,"42":1,"44":1,"46":1,"51":1}},
"/home/xuqing.kxq/Documents/Projects/react-redux-boilerplate/src/components/__tests__/not-found-test.js":{"path":"/home/xuqing.kxq/Documents/Projects/react-redux-boilerplate/src/components/__tests__/not-found-test.js","s":{"1":1,"2":1,"3":1,"4":1,"5":1,"6":1,"7":1,"8":1,"9":3,"10":1,"11":1,"12":1,"13":1,"14":1,"15":1,"16":1,"17":1,"18":1,"19":1,"20":1,"21":1,"22":1},"b":{"1":[1,2],"2":[3,3]},"f":{"1":3,"2":1,"3":1,"4":1,"5":1},"fnMap":{"1":{"name":"_interopRequireDefault","line":5,"loc":{"start":{"line":5,"column":491},"end":{"line":5,"column":528}}},"2":{"name":"setup","line":7,"loc":{"start":{"line":7,"column":0},"end":{"line":7,"column":17}}},"3":{"name":"(anonymous_3)","line":21,"loc":{"start":{"line":21,"column":23},"end":{"line":21,"column":35}}},"4":{"name":"(anonymous_4)","line":22,"loc":{"start":{"line":22,"column":23},"end":{"line":22,"column":35}}},"5":{"name":"(anonymous_5)","line":23,"loc":{"start":{"line":23,"column":34},"end":{"line":23,"column":46}}}},"statementMap":{"1":{"start":{"line":5,"column":0},"end":{"line":5,"column":28},"skip":true},"2":{"start":{"line":5,"column":28},"end":{"line":5,"column":84}},"3":{"start":{"line":5,"column":111},"end":{"line":5,"column":156}},"4":{"start":{"line":5,"column":156},"end":{"line":5,"column":245}},"5":{"start":{"line":5,"column":272},"end":{"line":5,"column":347}},"6":{"start":{"line":5,"column":347},"end":{"line":5,"column":413}},"7":{"start":{"line":5,"column":440},"end":{"line":5,"column":491}},"8":{"start":{"line":5,"column":491},"end":{"line":5,"column":584}},"9":{"start":{"line":5,"column":529},"end":{"line":5,"column":583}},"10":{"start":{"line":7,"column":0},"end":{"line":17,"column":26}},"11":{"start":{"line":8,"column":2},"end":{"line":8,"column":17}},"12":{"start":{"line":10,"column":2},"end":{"line":10,"column":91}},"13":{"start":{"line":11,"column":2},"end":{"line":11,"column":130}},"14":{"start":{"line":12,"column":2},"end":{"line":12,"column":42}},"15":{"start":{"line":14,"column":2},"end":{"line":17,"column":25}},"16":{"start":{"line":21,"column":0},"end":{"line":27,"column":88}},"17":{"start":{"line":22,"column":2},"end":{"line":27,"column":85}},"18":{"start":{"line":23,"column":4},"end":{"line":27,"column":82}},"19":{"start":{"line":23,"column":73},"end":{"line":24,"column":14}},"20":{"start":{"line":24,"column":41},"end":{"line":24,"column":68}},"21":{"start":{"line":26,"column":6},"end":{"line":26,"column":38}},"22":{"start":{"line":27,"column":6},"end":{"line":27,"column":79}}},"branchMap":{"1":{"line":5,"type":"cond-expr","locations":[{"start":{"line":5,"column":560},"end":{"line":5,"column":563}},{"start":{"line":5,"column":566},"end":{"line":5,"column":582}}]},"2":{"line":5,"type":"binary-expr","locations":[{"start":{"line":5,"column":536},"end":{"line":5,"column":539}},{"start":{"line":5,"column":543},"end":{"line":5,"column":557}}]}},"l":{"5":3,"7":1,"8":1,"10":1,"11":1,"12":1,"14":1,"21":1,"22":1,"23":1,"24":1,"26":1,"27":1}},
"/home/xuqing.kxq/Documents/Projects/react-redux-boilerplate/src/components/not-found.js":{"path":"/home/xuqing.kxq/Documents/Projects/react-redux-boilerplate/src/components/not-found.js","s":{"1":1,"2":1,"3":1,"4":1,"5":1,"6":1,"7":1},"b":{"1":[0,1],"2":[1,1]},"f":{"1":1,"2":1},"fnMap":{"1":{"name":"_interopRequireDefault","line":1,"loc":{"start":{"line":1,"column":229},"end":{"line":1,"column":266}}},"2":{"name":"(anonymous_2)","line":3,"loc":{"start":{"line":3,"column":0},"end":{"line":3,"column":12}}}},"statementMap":{"1":{"start":{"line":1,"column":39},"end":{"line":1,"column":101},"skip":true},"2":{"start":{"line":1,"column":101},"end":{"line":1,"column":157}},"3":{"start":{"line":1,"column":184},"end":{"line":1,"column":229}},"4":{"start":{"line":1,"column":229},"end":{"line":1,"column":322}},"5":{"start":{"line":1,"column":267},"end":{"line":1,"column":321}},"6":{"start":{"line":1,"column":322},"end":{"line":4,"column":199}},"7":{"start":{"line":4,"column":2},"end":{"line":4,"column":197}}},"branchMap":{"1":{"line":1,"type":"cond-expr","locations":[{"start":{"line":1,"column":298},"end":{"line":1,"column":301}},{"start":{"line":1,"column":304},"end":{"line":1,"column":320}}]},"2":{"line":1,"type":"binary-expr","locations":[{"start":{"line":1,"column":274},"end":{"line":1,"column":277}},{"start":{"line":1,"column":281},"end":{"line":1,"column":295}}]}},"l":{"1":1,"4":1}}}
