TN:
SF:/home/xuqing.kxq/Documents/Projects/react-redux-boilerplate/src/reducers/__tests__/titles-test.js
FN:6,_interopRequireWildcard
FN:6,_interopRequireDefault
FN:8,(anonymous_3)
FN:9,(anonymous_4)
FN:17,(anonymous_5)
FN:31,(anonymous_6)
FNF:6
FNH:6
FNDA:1,_interopRequireWildcard
FNDA:1,_interopRequireDefault
FNDA:1,(anonymous_3)
FNDA:1,(anonymous_4)
FNDA:1,(anonymous_5)
FNDA:1,(anonymous_6)
DA:6,1
DA:8,1
DA:9,1
DA:10,1
DA:17,1
DA:18,1
DA:19,3
DA:23,3
DA:31,1
DA:32,1
DA:36,1
LF:11
LH:11
BRDA:6,1,0,1
BRDA:6,1,1,0
BRDA:6,2,0,1
BRDA:6,2,1,1
BRDA:6,3,0,0
BRDA:6,3,1,0
BRDA:6,4,0,0
BRDA:6,4,1,0
BRDA:6,5,0,1
BRDA:6,5,1,0
BRDA:6,6,0,1
BRDA:6,6,1,1
BRF:12
BRH:6
end_of_record
TN:
SF:/home/xuqing.kxq/Documents/Projects/react-redux-boilerplate/src/reducers/titles.js
FN:7,getNextTitle
FNF:1
FNH:1
FNDA:5,getNextTitle
DA:1,1
DA:7,5
DA:8,5
DA:9,4
DA:10,4
DA:11,4
DA:13,4
DA:14,1
DA:16,4
DA:18,1
LF:10
LH:10
BRDA:7,1,0,5
BRDA:7,1,1,0
BRDA:7,2,0,5
BRDA:7,2,1,5
BRDA:8,3,0,4
BRDA:8,3,1,1
BRDA:10,4,0,4
BRDA:10,4,1,0
BRDA:13,5,0,1
BRDA:13,5,1,3
BRF:10
BRH:8
end_of_record
TN:
SF:/home/xuqing.kxq/Documents/Projects/react-redux-boilerplate/src/constants/titles.js
FN:1,_interopRequireDefault
FNF:1
FNH:1
FNDA:4,_interopRequireDefault
DA:1,4
DA:3,4
DA:9,4
LF:3
LH:3
BRDA:1,1,0,0
BRDA:1,1,1,4
BRDA:1,2,0,4
BRDA:1,2,1,4
BRF:4
BRH:3
end_of_record
TN:
SF:/home/xuqing.kxq/Documents/Projects/react-redux-boilerplate/src/actions/__tests__/titles-test.js
FN:6,_interopRequireWildcard
FN:8,(anonymous_2)
FN:9,(anonymous_3)
FN:20,(anonymous_4)
FNF:4
FNH:4
FNDA:2,_interopRequireWildcard
FNDA:1,(anonymous_2)
FNDA:1,(anonymous_3)
FNDA:1,(anonymous_4)
DA:6,2
DA:8,1
DA:9,1
DA:10,1
DA:11,4
DA:20,1
DA:21,1
DA:22,1
LF:8
LH:8
BRDA:6,1,0,2
BRDA:6,1,1,0
BRDA:6,2,0,2
BRDA:6,2,1,2
BRDA:6,3,0,0
BRDA:6,3,1,0
BRDA:6,4,0,0
BRDA:6,4,1,0
BRF:8
BRH:3
end_of_record
TN:
SF:/home/xuqing.kxq/Documents/Projects/react-redux-boilerplate/src/actions/titles.js
FN:3,getNextTitle
FNF:1
FNH:1
FNDA:5,getNextTitle
DA:1,3
DA:3,3
DA:4,5
LF:3
LH:3
BRF:0
BRH:0
end_of_record
TN:
SF:/home/xuqing.kxq/Documents/Projects/react-redux-boilerplate/src/components/home/__tests__/layout-test.js
FN:7,_interopRequireDefault
FN:9,setup
FN:23,(anonymous_3)
FN:24,(anonymous_4)
FN:25,(anonymous_5)
FNF:5
FNH:5
FNDA:3,_interopRequireDefault
FNDA:1,setup
FNDA:1,(anonymous_3)
FNDA:1,(anonymous_4)
FNDA:1,(anonymous_5)
DA:6,1
DA:7,3
DA:9,1
DA:10,1
DA:12,1
DA:13,1
DA:14,1
DA:16,1
DA:23,1
DA:24,1
DA:25,1
DA:26,1
DA:28,1
DA:30,1
DA:31,1
LF:15
LH:15
BRDA:7,1,0,1
BRDA:7,1,1,2
BRDA:7,2,0,3
BRDA:7,2,1,3
BRF:4
BRH:4
end_of_record
TN:
SF:/home/xuqing.kxq/Documents/Projects/react-redux-boilerplate/src/components/home/layout.js
FN:2,_interopRequireDefault
FN:4,(anonymous_2)
FNF:2
FNH:2
FNDA:2,_interopRequireDefault
FNDA:1,(anonymous_2)
DA:1,1
DA:2,2
DA:5,1
LF:3
LH:3
BRDA:2,1,0,1
BRDA:2,1,1,1
BRDA:2,2,0,2
BRDA:2,2,1,2
BRF:4
BRH:4
end_of_record
TN:
SF:/home/xuqing.kxq/Documents/Projects/react-redux-boilerplate/src/components/home/welcome.js
FN:1,(anonymous_1)
FN:1,defineProperties
FN:1,(anonymous_3)
FN:3,_interopRequireDefault
FN:3,_classCallCheck
FN:3,_possibleConstructorReturn
FN:3,_inherits
FN:7,(anonymous_8)
FN:7,Welcome
FN:7,componentDidMount
FN:10,(anonymous_11)
FN:13,componentWillUnmount
FN:17,render
FN:23,onClick
FN:33,mapStateToProps
FNF:15
FNH:15
FNDA:2,(anonymous_1)
FNDA:2,defineProperties
FNDA:2,(anonymous_3)
FNDA:2,_interopRequireDefault
FNDA:4,_classCallCheck
FNDA:4,_possibleConstructorReturn
FNDA:2,_inherits
FNDA:2,(anonymous_8)
FNDA:4,Welcome
FNDA:1,componentDidMount
FNDA:1,(anonymous_11)
FNDA:1,componentWillUnmount
FNDA:4,render
FNDA:1,onClick
FNDA:1,mapStateToProps
DA:1,6
DA:2,2
DA:3,4
DA:7,4
DA:9,1
DA:10,1
DA:11,1
DA:12,1
DA:17,1
DA:20,4
DA:21,4
DA:23,4
DA:28,2
DA:33,2
DA:34,1
DA:40,2
DA:43,2
LF:17
LH:17
BRDA:1,1,0,6
BRDA:1,1,1,6
BRDA:1,2,0,6
BRDA:1,2,1,0
BRDA:1,3,0,2
BRDA:1,3,1,0
BRDA:1,4,0,0
BRDA:1,4,1,2
BRDA:3,5,0,0
BRDA:3,5,1,2
BRDA:3,6,0,2
BRDA:3,6,1,2
BRDA:3,7,0,0
BRDA:3,7,1,4
BRDA:3,8,0,0
BRDA:3,8,1,4
BRDA:3,9,0,0
BRDA:3,9,1,4
BRDA:3,10,0,4
BRDA:3,10,1,0
BRDA:3,10,2,0
BRDA:3,11,0,0
BRDA:3,11,1,2
BRDA:3,12,0,2
BRDA:3,12,1,0
BRDA:3,13,0,2
BRDA:3,13,1,2
BRDA:3,14,0,2
BRDA:3,14,1,0
BRDA:3,15,0,2
BRDA:3,15,1,0
BRF:31
BRH:18
end_of_record
TN:
SF:/home/xuqing.kxq/Documents/Projects/react-redux-boilerplate/src/components/__tests__/layout-test.js
FN:5,(anonymous_1)
FN:5,sliceIterator
FN:5,(anonymous_3)
FN:5,_interopRequireDefault
FN:7,setup
FN:21,(anonymous_6)
FN:22,(anonymous_7)
FN:23,(anonymous_8)
FNF:8
FNH:7
FNDA:1,(anonymous_1)
FNDA:0,sliceIterator
FNDA:1,(anonymous_3)
FNDA:3,_interopRequireDefault
FNDA:1,setup
FNDA:1,(anonymous_6)
FNDA:1,(anonymous_7)
FNDA:1,(anonymous_8)
DA:5,3
DA:7,1
DA:8,1
DA:10,1
DA:11,1
DA:12,1
DA:14,1
DA:21,1
DA:22,1
DA:23,1
DA:24,1
DA:26,1
DA:28,1
DA:29,1
DA:30,1
DA:31,1
LF:16
LH:16
BRDA:5,1,0,0
BRDA:5,1,1,0
BRDA:5,2,0,0
BRDA:5,2,1,0
BRDA:5,3,0,0
BRDA:5,3,1,0
BRDA:5,4,0,0
BRDA:5,4,1,0
BRDA:5,5,0,0
BRDA:5,5,1,0
BRDA:5,6,0,1
BRDA:5,6,1,0
BRDA:5,7,0,0
BRDA:5,7,1,0
BRDA:5,8,0,1
BRDA:5,8,1,2
BRDA:5,9,0,3
BRDA:5,9,1,3
BRF:18
BRH:5
end_of_record
TN:
SF:/home/xuqing.kxq/Documents/Projects/react-redux-boilerplate/src/components/layout.js
FN:1,_interopRequireDefault
FN:32,(anonymous_2)
FNF:2
FNH:2
FNDA:1,_interopRequireDefault
FNDA:1,(anonymous_2)
DA:1,1
DA:3,1
DA:27,1
DA:32,1
DA:33,1
LF:5
LH:5
BRDA:1,1,0,0
BRDA:1,1,1,1
BRDA:1,2,0,1
BRDA:1,2,1,1
BRF:4
BRH:3
end_of_record
TN:
SF:/home/xuqing.kxq/Documents/Projects/react-redux-boilerplate/src/components/home/__tests__/welcome-test.js
FN:7,_interopRequireDefault
FN:9,setup
FN:26,(anonymous_3)
FN:27,(anonymous_4)
FN:28,(anonymous_5)
FN:32,(anonymous_6)
FN:40,(anonymous_7)
FNF:7
FNH:7
FNDA:3,_interopRequireDefault
FNDA:3,setup
FNDA:1,(anonymous_3)
FNDA:1,(anonymous_4)
FNDA:1,(anonymous_5)
FNDA:1,(anonymous_6)
FNDA:1,(anonymous_7)
DA:7,3
DA:9,1
DA:10,3
DA:14,3
DA:15,3
DA:16,3
DA:17,3
DA:19,3
DA:26,1
DA:27,1
DA:28,1
DA:29,1
DA:30,1
DA:32,1
DA:33,1
DA:34,1
DA:35,1
DA:36,1
DA:37,1
DA:38,1
DA:40,1
DA:42,1
DA:44,1
DA:46,1
DA:51,1
LF:25
LH:25
BRDA:7,1,0,0
BRDA:7,1,1,3
BRDA:7,2,0,3
BRDA:7,2,1,3
BRF:4
BRH:3
end_of_record
TN:
SF:/home/xuqing.kxq/Documents/Projects/react-redux-boilerplate/src/components/__tests__/not-found-test.js
FN:5,_interopRequireDefault
FN:7,setup
FN:21,(anonymous_3)
FN:22,(anonymous_4)
FN:23,(anonymous_5)
FNF:5
FNH:5
FNDA:3,_interopRequireDefault
FNDA:1,setup
FNDA:1,(anonymous_3)
FNDA:1,(anonymous_4)
FNDA:1,(anonymous_5)
DA:5,3
DA:7,1
DA:8,1
DA:10,1
DA:11,1
DA:12,1
DA:14,1
DA:21,1
DA:22,1
DA:23,1
DA:24,1
DA:26,1
DA:27,1
LF:13
LH:13
BRDA:5,1,0,1
BRDA:5,1,1,2
BRDA:5,2,0,3
BRDA:5,2,1,3
BRF:4
BRH:4
end_of_record
TN:
SF:/home/xuqing.kxq/Documents/Projects/react-redux-boilerplate/src/components/not-found.js
FN:1,_interopRequireDefault
FN:3,(anonymous_2)
FNF:2
FNH:2
FNDA:1,_interopRequireDefault
FNDA:1,(anonymous_2)
DA:1,1
DA:4,1
LF:2
LH:2
BRDA:1,1,0,0
BRDA:1,1,1,1
BRDA:1,2,0,1
BRDA:1,2,1,1
BRF:4
BRH:3
end_of_record
